Defaulting to user installation because normal site-packages is not writeable
Requirement already satisfied: numpy<2.0 in /pfs/data5/home/kit/stud/usxcp/.local/lib/python3.9/site-packages (from -r requirements.txt (line 1)) (1.26.4)
Requirement already satisfied: torch in /pfs/data5/home/kit/stud/usxcp/.local/lib/python3.9/site-packages (from -r requirements.txt (line 2)) (2.5.1)
Requirement already satisfied: evaluate in /pfs/data5/home/kit/stud/usxcp/.local/lib/python3.9/site-packages (from -r requirements.txt (line 3)) (0.4.3)
Requirement already satisfied: datasets in /pfs/data5/home/kit/stud/usxcp/.local/lib/python3.9/site-packages (from -r requirements.txt (line 4)) (3.1.0)
Requirement already satisfied: huggingface-hub in /pfs/data5/home/kit/stud/usxcp/.local/lib/python3.9/site-packages (from -r requirements.txt (line 5)) (0.26.3)
Requirement already satisfied: transformers in /pfs/data5/home/kit/stud/usxcp/.local/lib/python3.9/site-packages (from -r requirements.txt (line 6)) (4.46.3)
Requirement already satisfied: sacrebleu in /pfs/data5/home/kit/stud/usxcp/.local/lib/python3.9/site-packages (from -r requirements.txt (line 7)) (2.4.3)
Requirement already satisfied: torchinfo in /pfs/data5/home/kit/stud/usxcp/.local/lib/python3.9/site-packages (from -r requirements.txt (line 8)) (1.8.0)
Requirement already satisfied: peft in /pfs/data5/home/kit/stud/usxcp/.local/lib/python3.9/site-packages (from -r requirements.txt (line 9)) (0.14.0)
Requirement already satisfied: filelock in /pfs/data5/home/kit/stud/usxcp/.local/lib/python3.9/site-packages (from torch->-r requirements.txt (line 2)) (3.16.1)
Requirement already satisfied: typing-extensions>=4.8.0 in /pfs/data5/software_uc2/bwhpc/common/devel/miniconda/23.9.0-py3.9.15/lib/python3.9/site-packages (from torch->-r requirements.txt (line 2)) (4.8.0)
Requirement already satisfied: networkx in /pfs/data5/home/kit/stud/usxcp/.local/lib/python3.9/site-packages (from torch->-r requirements.txt (line 2)) (3.2.1)
Requirement already satisfied: jinja2 in /pfs/data5/home/kit/stud/usxcp/.local/lib/python3.9/site-packages (from torch->-r requirements.txt (line 2)) (3.1.4)
Requirement already satisfied: fsspec in /pfs/data5/home/kit/stud/usxcp/.local/lib/python3.9/site-packages (from torch->-r requirements.txt (line 2)) (2024.9.0)
Requirement already satisfied: nvidia-cuda-nvrtc-cu12==12.4.127 in /pfs/data5/home/kit/stud/usxcp/.local/lib/python3.9/site-packages (from torch->-r requirements.txt (line 2)) (12.4.127)
Requirement already satisfied: nvidia-cuda-runtime-cu12==12.4.127 in /pfs/data5/home/kit/stud/usxcp/.local/lib/python3.9/site-packages (from torch->-r requirements.txt (line 2)) (12.4.127)
Requirement already satisfied: nvidia-cuda-cupti-cu12==12.4.127 in /pfs/data5/home/kit/stud/usxcp/.local/lib/python3.9/site-packages (from torch->-r requirements.txt (line 2)) (12.4.127)
Requirement already satisfied: nvidia-cudnn-cu12==9.1.0.70 in /pfs/data5/home/kit/stud/usxcp/.local/lib/python3.9/site-packages (from torch->-r requirements.txt (line 2)) (9.1.0.70)
Requirement already satisfied: nvidia-cublas-cu12==12.4.5.8 in /pfs/data5/home/kit/stud/usxcp/.local/lib/python3.9/site-packages (from torch->-r requirements.txt (line 2)) (12.4.5.8)
Requirement already satisfied: nvidia-cufft-cu12==11.2.1.3 in /pfs/data5/home/kit/stud/usxcp/.local/lib/python3.9/site-packages (from torch->-r requirements.txt (line 2)) (11.2.1.3)
Requirement already satisfied: nvidia-curand-cu12==10.3.5.147 in /pfs/data5/home/kit/stud/usxcp/.local/lib/python3.9/site-packages (from torch->-r requirements.txt (line 2)) (10.3.5.147)
Requirement already satisfied: nvidia-cusolver-cu12==11.6.1.9 in /pfs/data5/home/kit/stud/usxcp/.local/lib/python3.9/site-packages (from torch->-r requirements.txt (line 2)) (11.6.1.9)
Requirement already satisfied: nvidia-cusparse-cu12==12.3.1.170 in /pfs/data5/home/kit/stud/usxcp/.local/lib/python3.9/site-packages (from torch->-r requirements.txt (line 2)) (12.3.1.170)
Requirement already satisfied: nvidia-nccl-cu12==2.21.5 in /pfs/data5/home/kit/stud/usxcp/.local/lib/python3.9/site-packages (from torch->-r requirements.txt (line 2)) (2.21.5)
Requirement already satisfied: nvidia-nvtx-cu12==12.4.127 in /pfs/data5/home/kit/stud/usxcp/.local/lib/python3.9/site-packages (from torch->-r requirements.txt (line 2)) (12.4.127)
Requirement already satisfied: nvidia-nvjitlink-cu12==12.4.127 in /pfs/data5/home/kit/stud/usxcp/.local/lib/python3.9/site-packages (from torch->-r requirements.txt (line 2)) (12.4.127)
Requirement already satisfied: triton==3.1.0 in /pfs/data5/home/kit/stud/usxcp/.local/lib/python3.9/site-packages (from torch->-r requirements.txt (line 2)) (3.1.0)
Requirement already satisfied: sympy==1.13.1 in /pfs/data5/home/kit/stud/usxcp/.local/lib/python3.9/site-packages (from torch->-r requirements.txt (line 2)) (1.13.1)
Requirement already satisfied: mpmath<1.4,>=1.1.0 in /pfs/data5/home/kit/stud/usxcp/.local/lib/python3.9/site-packages (from sympy==1.13.1->torch->-r requirements.txt (line 2)) (1.3.0)
Requirement already satisfied: dill in /pfs/data5/home/kit/stud/usxcp/.local/lib/python3.9/site-packages (from evaluate->-r requirements.txt (line 3)) (0.3.8)
Requirement already satisfied: pandas in /pfs/data5/home/kit/stud/usxcp/.local/lib/python3.9/site-packages (from evaluate->-r requirements.txt (line 3)) (2.2.3)
Requirement already satisfied: requests>=2.19.0 in /pfs/data5/home/kit/stud/usxcp/.local/lib/python3.9/site-packages (from evaluate->-r requirements.txt (line 3)) (2.32.3)
Requirement already satisfied: tqdm>=4.62.1 in /pfs/data5/home/kit/stud/usxcp/.local/lib/python3.9/site-packages (from evaluate->-r requirements.txt (line 3)) (4.67.1)
Requirement already satisfied: xxhash in /pfs/data5/home/kit/stud/usxcp/.local/lib/python3.9/site-packages (from evaluate->-r requirements.txt (line 3)) (3.5.0)
Requirement already satisfied: multiprocess in /pfs/data5/home/kit/stud/usxcp/.local/lib/python3.9/site-packages (from evaluate->-r requirements.txt (line 3)) (0.70.16)
Requirement already satisfied: packaging in /pfs/data5/software_uc2/bwhpc/common/devel/miniconda/23.9.0-py3.9.15/lib/python3.9/site-packages (from evaluate->-r requirements.txt (line 3)) (23.1)
Requirement already satisfied: pyarrow>=15.0.0 in /pfs/data5/home/kit/stud/usxcp/.local/lib/python3.9/site-packages (from datasets->-r requirements.txt (line 4)) (18.1.0)
Requirement already satisfied: aiohttp in /pfs/data5/home/kit/stud/usxcp/.local/lib/python3.9/site-packages (from datasets->-r requirements.txt (line 4)) (3.11.9)
Requirement already satisfied: pyyaml>=5.1 in /pfs/data5/home/kit/stud/usxcp/.local/lib/python3.9/site-packages (from datasets->-r requirements.txt (line 4)) (6.0.2)
Requirement already satisfied: regex!=2019.12.17 in /pfs/data5/home/kit/stud/usxcp/.local/lib/python3.9/site-packages (from transformers->-r requirements.txt (line 6)) (2024.11.6)
Requirement already satisfied: tokenizers<0.21,>=0.20 in /pfs/data5/home/kit/stud/usxcp/.local/lib/python3.9/site-packages (from transformers->-r requirements.txt (line 6)) (0.20.3)
Requirement already satisfied: safetensors>=0.4.1 in /pfs/data5/home/kit/stud/usxcp/.local/lib/python3.9/site-packages (from transformers->-r requirements.txt (line 6)) (0.4.5)
Requirement already satisfied: portalocker in /pfs/data5/home/kit/stud/usxcp/.local/lib/python3.9/site-packages (from sacrebleu->-r requirements.txt (line 7)) (3.0.0)
Requirement already satisfied: tabulate>=0.8.9 in /pfs/data5/home/kit/stud/usxcp/.local/lib/python3.9/site-packages (from sacrebleu->-r requirements.txt (line 7)) (0.9.0)
Requirement already satisfied: colorama in /pfs/data5/home/kit/stud/usxcp/.local/lib/python3.9/site-packages (from sacrebleu->-r requirements.txt (line 7)) (0.4.6)
Requirement already satisfied: lxml in /pfs/data5/home/kit/stud/usxcp/.local/lib/python3.9/site-packages (from sacrebleu->-r requirements.txt (line 7)) (5.3.0)
Requirement already satisfied: psutil in /pfs/data5/software_uc2/bwhpc/common/devel/miniconda/23.9.0-py3.9.15/lib/python3.9/site-packages (from peft->-r requirements.txt (line 9)) (5.9.6)
Requirement already satisfied: accelerate>=0.21.0 in /pfs/data5/home/kit/stud/usxcp/.local/lib/python3.9/site-packages (from peft->-r requirements.txt (line 9)) (1.2.1)
Requirement already satisfied: aiohappyeyeballs>=2.3.0 in /pfs/data5/home/kit/stud/usxcp/.local/lib/python3.9/site-packages (from aiohttp->datasets->-r requirements.txt (line 4)) (2.4.4)
Requirement already satisfied: aiosignal>=1.1.2 in /pfs/data5/home/kit/stud/usxcp/.local/lib/python3.9/site-packages (from aiohttp->datasets->-r requirements.txt (line 4)) (1.3.1)
Requirement already satisfied: async-timeout<6.0,>=4.0 in /pfs/data5/home/kit/stud/usxcp/.local/lib/python3.9/site-packages (from aiohttp->datasets->-r requirements.txt (line 4)) (5.0.1)
Requirement already satisfied: attrs>=17.3.0 in /pfs/data5/home/kit/stud/usxcp/.local/lib/python3.9/site-packages (from aiohttp->datasets->-r requirements.txt (line 4)) (24.2.0)
Requirement already satisfied: frozenlist>=1.1.1 in /pfs/data5/home/kit/stud/usxcp/.local/lib/python3.9/site-packages (from aiohttp->datasets->-r requirements.txt (line 4)) (1.5.0)
Requirement already satisfied: multidict<7.0,>=4.5 in /pfs/data5/home/kit/stud/usxcp/.local/lib/python3.9/site-packages (from aiohttp->datasets->-r requirements.txt (line 4)) (6.1.0)
Requirement already satisfied: propcache>=0.2.0 in /pfs/data5/home/kit/stud/usxcp/.local/lib/python3.9/site-packages (from aiohttp->datasets->-r requirements.txt (line 4)) (0.2.1)
Requirement already satisfied: yarl<2.0,>=1.17.0 in /pfs/data5/home/kit/stud/usxcp/.local/lib/python3.9/site-packages (from aiohttp->datasets->-r requirements.txt (line 4)) (1.18.3)
Requirement already satisfied: charset-normalizer<4,>=2 in /pfs/data5/software_uc2/bwhpc/common/devel/miniconda/23.9.0-py3.9.15/lib/python3.9/site-packages (from requests>=2.19.0->evaluate->-r requirements.txt (line 3)) (2.0.4)
Requirement already satisfied: idna<4,>=2.5 in /pfs/data5/software_uc2/bwhpc/common/devel/miniconda/23.9.0-py3.9.15/lib/python3.9/site-packages (from requests>=2.19.0->evaluate->-r requirements.txt (line 3)) (3.4)
Requirement already satisfied: urllib3<3,>=1.21.1 in /pfs/data5/software_uc2/bwhpc/common/devel/miniconda/23.9.0-py3.9.15/lib/python3.9/site-packages (from requests>=2.19.0->evaluate->-r requirements.txt (line 3)) (1.26.16)
Requirement already satisfied: certifi>=2017.4.17 in /pfs/data5/software_uc2/bwhpc/common/devel/miniconda/23.9.0-py3.9.15/lib/python3.9/site-packages (from requests>=2.19.0->evaluate->-r requirements.txt (line 3)) (2023.7.22)
Requirement already satisfied: MarkupSafe>=2.0 in /pfs/data5/home/kit/stud/usxcp/.local/lib/python3.9/site-packages (from jinja2->torch->-r requirements.txt (line 2)) (3.0.2)
Requirement already satisfied: python-dateutil>=2.8.2 in /pfs/data5/software_uc2/bwhpc/common/devel/miniconda/23.9.0-py3.9.15/lib/python3.9/site-packages (from pandas->evaluate->-r requirements.txt (line 3)) (2.8.2)
Requirement already satisfied: pytz>=2020.1 in /pfs/data5/home/kit/stud/usxcp/.local/lib/python3.9/site-packages (from pandas->evaluate->-r requirements.txt (line 3)) (2024.2)
Requirement already satisfied: tzdata>=2022.7 in /pfs/data5/home/kit/stud/usxcp/.local/lib/python3.9/site-packages (from pandas->evaluate->-r requirements.txt (line 3)) (2024.2)
Requirement already satisfied: six>=1.5 in /pfs/data5/software_uc2/bwhpc/common/devel/miniconda/23.9.0-py3.9.15/lib/python3.9/site-packages (from python-dateutil>=2.8.2->pandas->evaluate->-r requirements.txt (line 3)) (1.16.0)
Map:   0%|          | 0/397712 [00:00<?, ? examples/s]Map:   1%|          | 2000/397712 [00:00<01:09, 5663.75 examples/s]Map:   1%|          | 4000/397712 [00:00<01:03, 6199.73 examples/s]Map:   2%|▏         | 6000/397712 [00:00<00:59, 6539.73 examples/s]Map:   2%|▏         | 8000/397712 [00:01<01:01, 6342.09 examples/s]Map:   3%|▎         | 10000/397712 [00:01<01:08, 5641.37 examples/s]Map:   3%|▎         | 12000/397712 [00:02<01:07, 5701.94 examples/s]Map:   4%|▎         | 14000/397712 [00:02<01:02, 6097.82 examples/s]Map:   4%|▍         | 16000/397712 [00:02<00:59, 6371.29 examples/s]Map:   5%|▍         | 18000/397712 [00:02<01:00, 6253.67 examples/s]Map:   5%|▌         | 20000/397712 [00:03<00:56, 6629.30 examples/s]Map:   6%|▌         | 22000/397712 [00:03<01:01, 6087.70 examples/s]Map:   6%|▌         | 24000/397712 [00:03<01:02, 5938.21 examples/s]Map:   7%|▋         | 26000/397712 [00:04<00:58, 6342.44 examples/s]Map:   7%|▋         | 28000/397712 [00:04<01:04, 5739.64 examples/s]Map:   8%|▊         | 30000/397712 [00:04<00:58, 6241.58 examples/s]Map:   8%|▊         | 32000/397712 [00:05<00:59, 6155.83 examples/s]Map:   9%|▊         | 34000/397712 [00:05<01:00, 6053.53 examples/s]Map:   9%|▉         | 36000/397712 [00:05<00:57, 6289.63 examples/s]Map:  10%|▉         | 38000/397712 [00:06<00:58, 6135.39 examples/s]Map:  10%|█         | 40000/397712 [00:06<00:56, 6340.88 examples/s]Map:  11%|█         | 42000/397712 [00:06<00:53, 6588.94 examples/s]Map:  11%|█         | 44000/397712 [00:07<01:03, 5556.58 examples/s]Map:  12%|█▏        | 46000/397712 [00:07<00:58, 6003.77 examples/s]Map:  12%|█▏        | 48000/397712 [00:07<00:55, 6334.45 examples/s]Map:  13%|█▎        | 50000/397712 [00:08<00:55, 6231.89 examples/s]Map:  13%|█▎        | 52000/397712 [00:08<00:54, 6335.42 examples/s]Map:  14%|█▎        | 54000/397712 [00:08<00:53, 6366.03 examples/s]Map:  14%|█▍        | 56000/397712 [00:09<00:52, 6529.52 examples/s]Map:  15%|█▍        | 58000/397712 [00:09<00:55, 6131.33 examples/s]Map:  15%|█▌        | 60000/397712 [00:09<00:52, 6491.94 examples/s]Map:  16%|█▌        | 62000/397712 [00:10<00:53, 6243.66 examples/s]Map:  16%|█▌        | 64000/397712 [00:10<00:53, 6238.99 examples/s]Map:  17%|█▋        | 66000/397712 [00:10<00:54, 6066.72 examples/s]Map:  17%|█▋        | 68000/397712 [00:11<00:53, 6186.78 examples/s]Map:  18%|█▊        | 70000/397712 [00:11<00:51, 6337.45 examples/s]Map:  18%|█▊        | 72000/397712 [00:11<00:50, 6436.67 examples/s]Map:  19%|█▊        | 74000/397712 [00:11<00:52, 6146.19 examples/s]Map:  19%|█▉        | 76000/397712 [00:12<00:54, 5864.04 examples/s]Map:  20%|█▉        | 78000/397712 [00:12<01:00, 5304.99 examples/s]Map:  20%|██        | 80000/397712 [00:13<00:59, 5370.55 examples/s]Map:  21%|██        | 82000/397712 [00:13<00:56, 5609.50 examples/s]Map:  21%|██        | 84000/397712 [00:13<00:51, 6086.64 examples/s]Map:  22%|██▏       | 86000/397712 [00:14<00:49, 6349.76 examples/s]Map:  22%|██▏       | 88000/397712 [00:14<00:47, 6485.26 examples/s]Map:  23%|██▎       | 90000/397712 [00:14<00:46, 6560.74 examples/s]Map:  23%|██▎       | 92000/397712 [00:15<00:50, 6024.30 examples/s]Map:  24%|██▎       | 94000/397712 [00:15<00:48, 6239.81 examples/s]Map:  24%|██▍       | 96000/397712 [00:15<00:54, 5559.44 examples/s]Map:  25%|██▍       | 98000/397712 [00:16<00:51, 5847.25 examples/s]Map:  25%|██▌       | 100000/397712 [00:16<00:50, 5888.28 examples/s]Map:  26%|██▌       | 102000/397712 [00:16<00:48, 6103.86 examples/s]Map:  26%|██▌       | 104000/397712 [00:17<00:49, 5883.38 examples/s]Map:  27%|██▋       | 106000/397712 [00:17<00:49, 5950.09 examples/s]Map:  27%|██▋       | 108000/397712 [00:17<00:50, 5782.51 examples/s]Map:  28%|██▊       | 110000/397712 [00:18<00:46, 6167.69 examples/s]Map:  28%|██▊       | 112000/397712 [00:18<00:51, 5534.09 examples/s]Map:  29%|██▊       | 114000/397712 [00:18<00:51, 5463.05 examples/s]Map:  29%|██▉       | 116000/397712 [00:19<00:49, 5654.05 examples/s]Map:  30%|██▉       | 118000/397712 [00:19<00:45, 6166.45 examples/s]Map:  30%|███       | 120000/397712 [00:19<00:44, 6268.15 examples/s]Map:  31%|███       | 122000/397712 [00:20<00:46, 5965.56 examples/s]Map:  31%|███       | 124000/397712 [00:20<00:45, 5966.22 examples/s]Map:  32%|███▏      | 126000/397712 [00:20<00:44, 6163.05 examples/s]Map:  32%|███▏      | 128000/397712 [00:21<00:42, 6279.15 examples/s]Map:  33%|███▎      | 130000/397712 [00:21<00:44, 6051.98 examples/s]Map:  33%|███▎      | 132000/397712 [00:21<00:42, 6220.57 examples/s]Map:  34%|███▎      | 134000/397712 [00:22<00:43, 6091.47 examples/s]Map:  34%|███▍      | 136000/397712 [00:22<00:41, 6256.74 examples/s]Map:  35%|███▍      | 138000/397712 [00:22<00:40, 6399.71 examples/s]Map:  35%|███▌      | 140000/397712 [00:22<00:40, 6369.33 examples/s]Map:  36%|███▌      | 142000/397712 [00:23<00:41, 6228.28 examples/s]Map:  36%|███▌      | 144000/397712 [00:23<00:40, 6197.77 examples/s]Map:  37%|███▋      | 146000/397712 [00:24<00:44, 5596.62 examples/s]Map:  37%|███▋      | 148000/397712 [00:24<00:42, 5863.57 examples/s]Map:  38%|███▊      | 150000/397712 [00:24<00:39, 6221.68 examples/s]Map:  38%|███▊      | 152000/397712 [00:24<00:38, 6366.19 examples/s]Map:  39%|███▊      | 154000/397712 [00:25<00:37, 6492.11 examples/s]Map:  39%|███▉      | 156000/397712 [00:25<00:40, 5931.57 examples/s]Map:  40%|███▉      | 158000/397712 [00:26<00:43, 5520.60 examples/s]Map:  40%|████      | 160000/397712 [00:26<00:39, 5976.81 examples/s]Map:  41%|████      | 162000/397712 [00:26<00:37, 6327.51 examples/s]Map:  41%|████      | 164000/397712 [00:27<00:39, 5867.41 examples/s]Map:  42%|████▏     | 166000/397712 [00:27<00:37, 6199.77 examples/s]Map:  42%|████▏     | 168000/397712 [00:27<00:38, 5942.76 examples/s]Map:  43%|████▎     | 170000/397712 [00:27<00:37, 6042.14 examples/s]Map:  43%|████▎     | 172000/397712 [00:28<00:41, 5410.93 examples/s]Map:  44%|████▍     | 174000/397712 [00:28<00:40, 5582.49 examples/s]Map:  44%|████▍     | 176000/397712 [00:29<00:37, 5908.69 examples/s]Map:  45%|████▍     | 178000/397712 [00:29<00:36, 6006.26 examples/s]Map:  45%|████▌     | 180000/397712 [00:29<00:39, 5560.35 examples/s]Map:  46%|████▌     | 182000/397712 [00:30<00:38, 5573.94 examples/s]Map:  46%|████▋     | 184000/397712 [00:30<00:36, 5815.41 examples/s]Map:  47%|████▋     | 186000/397712 [00:30<00:33, 6255.27 examples/s]Map:  47%|████▋     | 188000/397712 [00:31<00:33, 6233.81 examples/s]Map:  48%|████▊     | 190000/397712 [00:31<00:32, 6435.59 examples/s]Map:  48%|████▊     | 192000/397712 [00:31<00:30, 6671.66 examples/s]Map:  49%|████▉     | 194000/397712 [00:31<00:30, 6665.94 examples/s]Map:  49%|████▉     | 196000/397712 [00:32<00:29, 6922.45 examples/s]Map:  50%|████▉     | 198000/397712 [00:32<00:33, 5947.51 examples/s]Map:  50%|█████     | 200000/397712 [00:32<00:34, 5777.30 examples/s]Map:  51%|█████     | 202000/397712 [00:33<00:34, 5657.38 examples/s]Map:  51%|█████▏    | 204000/397712 [00:33<00:34, 5617.77 examples/s]Map:  52%|█████▏    | 206000/397712 [00:34<00:32, 5961.90 examples/s]Map:  52%|█████▏    | 208000/397712 [00:34<00:29, 6323.93 examples/s]Map:  53%|█████▎    | 210000/397712 [00:34<00:28, 6516.51 examples/s]Map:  53%|█████▎    | 212000/397712 [00:34<00:27, 6709.41 examples/s]Map:  54%|█████▍    | 214000/397712 [00:35<00:29, 6279.50 examples/s]Map:  54%|█████▍    | 216000/397712 [00:35<00:30, 6015.63 examples/s]Map:  55%|█████▍    | 218000/397712 [00:35<00:28, 6240.46 examples/s]Map:  55%|█████▌    | 220000/397712 [00:36<00:30, 5829.00 examples/s]Map:  56%|█████▌    | 222000/397712 [00:36<00:33, 5207.05 examples/s]Map:  56%|█████▋    | 224000/397712 [00:37<00:30, 5632.96 examples/s]Map:  57%|█████▋    | 226000/397712 [00:37<00:28, 5975.57 examples/s]Map:  57%|█████▋    | 228000/397712 [00:37<00:27, 6278.03 examples/s]Map:  58%|█████▊    | 230000/397712 [00:37<00:26, 6214.89 examples/s]Map:  58%|█████▊    | 232000/397712 [00:38<00:28, 5869.12 examples/s]Map:  59%|█████▉    | 234000/397712 [00:38<00:28, 5666.87 examples/s]Map:  59%|█████▉    | 236000/397712 [00:38<00:26, 6081.74 examples/s]Map:  60%|█████▉    | 238000/397712 [00:39<00:26, 6043.15 examples/s]Map:  60%|██████    | 240000/397712 [00:39<00:26, 5857.09 examples/s]Map:  61%|██████    | 242000/397712 [00:40<00:27, 5618.79 examples/s]Map:  61%|██████▏   | 244000/397712 [00:40<00:26, 5696.53 examples/s]Map:  62%|██████▏   | 246000/397712 [00:40<00:26, 5757.81 examples/s]Map:  62%|██████▏   | 248000/397712 [00:41<00:26, 5749.34 examples/s]Map:  63%|██████▎   | 250000/397712 [00:41<00:25, 5702.44 examples/s]Map:  63%|██████▎   | 252000/397712 [00:41<00:27, 5347.65 examples/s]Map:  64%|██████▍   | 254000/397712 [00:42<00:26, 5444.41 examples/s]Map:  64%|██████▍   | 256000/397712 [00:42<00:24, 5874.64 examples/s]Map:  65%|██████▍   | 258000/397712 [00:42<00:24, 5812.34 examples/s]Map:  65%|██████▌   | 260000/397712 [00:43<00:23, 5845.70 examples/s]Map:  66%|██████▌   | 262000/397712 [00:43<00:23, 5754.46 examples/s]Map:  66%|██████▋   | 264000/397712 [00:43<00:22, 5825.93 examples/s]Map:  67%|██████▋   | 266000/397712 [00:44<00:23, 5720.41 examples/s]Map:  67%|██████▋   | 268000/397712 [00:44<00:22, 5675.98 examples/s]Map:  68%|██████▊   | 270000/397712 [00:44<00:22, 5589.62 examples/s]Map:  68%|██████▊   | 272000/397712 [00:45<00:20, 6004.15 examples/s]Map:  69%|██████▉   | 274000/397712 [00:45<00:20, 5960.72 examples/s]Map:  69%|██████▉   | 276000/397712 [00:45<00:20, 5935.49 examples/s]Map:  70%|██████▉   | 278000/397712 [00:46<00:19, 6148.61 examples/s]Map:  70%|███████   | 280000/397712 [00:46<00:18, 6514.76 examples/s]Map:  71%|███████   | 282000/397712 [00:46<00:19, 5799.08 examples/s]Map:  71%|███████▏  | 284000/397712 [00:47<00:18, 6044.75 examples/s]Map:  72%|███████▏  | 286000/397712 [00:47<00:18, 6075.73 examples/s]Map:  72%|███████▏  | 288000/397712 [00:47<00:17, 6256.86 examples/s]Map:  73%|███████▎  | 290000/397712 [00:48<00:16, 6337.69 examples/s]Map:  73%|███████▎  | 292000/397712 [00:48<00:17, 6105.15 examples/s]Map:  74%|███████▍  | 294000/397712 [00:48<00:16, 6232.93 examples/s]Map:  74%|███████▍  | 296000/397712 [00:49<00:15, 6529.63 examples/s]Map:  75%|███████▍  | 298000/397712 [00:49<00:15, 6605.80 examples/s]Map:  75%|███████▌  | 300000/397712 [00:49<00:16, 6057.79 examples/s]Map:  76%|███████▌  | 302000/397712 [00:50<00:16, 5969.34 examples/s]Map:  76%|███████▋  | 304000/397712 [00:50<00:16, 5808.76 examples/s]Map:  77%|███████▋  | 306000/397712 [00:50<00:14, 6132.90 examples/s]Map:  77%|███████▋  | 308000/397712 [00:51<00:14, 6312.30 examples/s]Map:  78%|███████▊  | 310000/397712 [00:51<00:15, 5594.26 examples/s]Map:  78%|███████▊  | 312000/397712 [00:51<00:14, 5854.34 examples/s]Map:  79%|███████▉  | 314000/397712 [00:52<00:13, 6193.82 examples/s]Map:  79%|███████▉  | 316000/397712 [00:52<00:14, 5542.17 examples/s]Map:  80%|███████▉  | 318000/397712 [00:52<00:13, 5698.58 examples/s]Map:  80%|████████  | 320000/397712 [00:53<00:13, 5752.84 examples/s]Map:  81%|████████  | 322000/397712 [00:53<00:12, 6032.20 examples/s]Map:  81%|████████▏ | 324000/397712 [00:53<00:12, 5935.64 examples/s]Map:  82%|████████▏ | 326000/397712 [00:54<00:12, 5876.54 examples/s]Map:  82%|████████▏ | 328000/397712 [00:54<00:11, 5810.12 examples/s]Map:  83%|████████▎ | 330000/397712 [00:54<00:11, 5719.93 examples/s]Map:  83%|████████▎ | 332000/397712 [00:55<00:10, 6007.46 examples/s]Map:  84%|████████▍ | 334000/397712 [00:55<00:11, 5580.10 examples/s]Map:  84%|████████▍ | 336000/397712 [00:55<00:10, 5999.61 examples/s]Map:  85%|████████▍ | 338000/397712 [00:56<00:09, 6297.39 examples/s]Map:  85%|████████▌ | 340000/397712 [00:56<00:08, 6443.07 examples/s]Map:  86%|████████▌ | 342000/397712 [00:56<00:08, 6615.88 examples/s]Map:  86%|████████▋ | 344000/397712 [00:57<00:07, 6909.22 examples/s]Map:  87%|████████▋ | 346000/397712 [00:57<00:07, 7047.53 examples/s]Map:  88%|████████▊ | 348000/397712 [00:57<00:07, 6675.02 examples/s]Map:  88%|████████▊ | 350000/397712 [00:58<00:07, 6015.61 examples/s]Map:  89%|████████▊ | 352000/397712 [00:58<00:07, 5856.01 examples/s]Map:  89%|████████▉ | 354000/397712 [00:58<00:07, 6195.57 examples/s]Map:  90%|████████▉ | 356000/397712 [00:59<00:06, 6116.52 examples/s]Map:  90%|█████████ | 358000/397712 [00:59<00:06, 6544.43 examples/s]Map:  91%|█████████ | 360000/397712 [00:59<00:06, 5889.49 examples/s]Map:  91%|█████████ | 362000/397712 [01:00<00:05, 6041.32 examples/s]Map:  92%|█████████▏| 364000/397712 [01:00<00:05, 6060.17 examples/s]Map:  92%|█████████▏| 366000/397712 [01:00<00:05, 6015.49 examples/s]Map:  93%|█████████▎| 368000/397712 [01:01<00:05, 5603.63 examples/s]Map:  93%|█████████▎| 370000/397712 [01:01<00:04, 6019.81 examples/s]Map:  94%|█████████▎| 372000/397712 [01:01<00:04, 5982.92 examples/s]Map:  94%|█████████▍| 374000/397712 [01:02<00:03, 6175.25 examples/s]Map:  95%|█████████▍| 376000/397712 [01:02<00:03, 6561.09 examples/s]Map:  95%|█████████▌| 378000/397712 [01:02<00:03, 6205.69 examples/s]Map:  96%|█████████▌| 380000/397712 [01:02<00:02, 6380.05 examples/s]Map:  96%|█████████▌| 382000/397712 [01:03<00:02, 6566.53 examples/s]Map:  97%|█████████▋| 384000/397712 [01:03<00:02, 5902.20 examples/s]Map:  97%|█████████▋| 386000/397712 [01:03<00:01, 5898.29 examples/s]Map:  98%|█████████▊| 388000/397712 [01:04<00:01, 5736.93 examples/s]Map:  98%|█████████▊| 390000/397712 [01:04<00:01, 5564.08 examples/s]Map:  99%|█████████▊| 392000/397712 [01:04<00:00, 6069.34 examples/s]Map:  99%|█████████▉| 394000/397712 [01:05<00:00, 6512.28 examples/s]Map: 100%|█████████▉| 396000/397712 [01:05<00:00, 7259.35 examples/s]Map: 100%|██████████| 397712/397712 [01:05<00:00, 7801.80 examples/s]Map: 100%|██████████| 397712/397712 [01:05<00:00, 6058.91 examples/s]
Loading checkpoint shards:   0%|          | 0/2 [00:00<?, ?it/s]Loading checkpoint shards:  50%|█████     | 1/2 [00:02<00:02,  2.25s/it]Loading checkpoint shards: 100%|██████████| 2/2 [00:02<00:00,  1.21s/it]Loading checkpoint shards: 100%|██████████| 2/2 [00:02<00:00,  1.37s/it]
Detected kernel version 4.18.0, which is below the recommended minimum of 5.5.0; this can cause the process to hang. It is recommended to upgrade the kernel to the minimum version or higher.
  0%|          | 0/245440 [00:00<?, ?it/s]Traceback (most recent call last):
  File "/home/kit/stud/usxcp/.local/lib/python3.9/site-packages/transformers/tokenization_utils_base.py", line 776, in convert_to_tensors
    tensor = as_tensor(value)
  File "/home/kit/stud/usxcp/.local/lib/python3.9/site-packages/transformers/tokenization_utils_base.py", line 738, in as_tensor
    return torch.tensor(value)
ValueError: expected sequence of length 292 at dim 1 (got 293)

The above exception was the direct cause of the following exception:

Traceback (most recent call last):
  File "/pfs/data5/home/kit/stud/usxcp/locomp-langtrans/xnli_lora_training.py", line 124, in <module>
    run_training_experiment()
  File "/pfs/data5/home/kit/stud/usxcp/locomp-langtrans/xnli_lora_training.py", line 119, in run_training_experiment
    trainer.train()
  File "/home/kit/stud/usxcp/.local/lib/python3.9/site-packages/transformers/trainer.py", line 2123, in train
    return inner_training_loop(
  File "/home/kit/stud/usxcp/.local/lib/python3.9/site-packages/transformers/trainer.py", line 2427, in _inner_training_loop
    batch_samples, num_items_in_batch = self.get_batch_samples(epoch_iterator, num_batches)
  File "/home/kit/stud/usxcp/.local/lib/python3.9/site-packages/transformers/trainer.py", line 5045, in get_batch_samples
    batch_samples += [next(epoch_iterator)]
  File "/home/kit/stud/usxcp/.local/lib/python3.9/site-packages/accelerate/data_loader.py", line 552, in __iter__
    current_batch = next(dataloader_iter)
  File "/home/kit/stud/usxcp/.local/lib/python3.9/site-packages/torch/utils/data/dataloader.py", line 701, in __next__
    data = self._next_data()
  File "/home/kit/stud/usxcp/.local/lib/python3.9/site-packages/torch/utils/data/dataloader.py", line 757, in _next_data
    data = self._dataset_fetcher.fetch(index)  # may raise StopIteration
  File "/home/kit/stud/usxcp/.local/lib/python3.9/site-packages/torch/utils/data/_utils/fetch.py", line 55, in fetch
    return self.collate_fn(data)
  File "/home/kit/stud/usxcp/.local/lib/python3.9/site-packages/transformers/data/data_collator.py", line 45, in __call__
    return self.torch_call(features)
  File "/home/kit/stud/usxcp/.local/lib/python3.9/site-packages/transformers/data/data_collator.py", line 807, in torch_call
    batch = pad_without_fast_tokenizer_warning(
  File "/home/kit/stud/usxcp/.local/lib/python3.9/site-packages/transformers/data/data_collator.py", line 66, in pad_without_fast_tokenizer_warning
    padded = tokenizer.pad(*pad_args, **pad_kwargs)
  File "/home/kit/stud/usxcp/.local/lib/python3.9/site-packages/transformers/tokenization_utils_base.py", line 3541, in pad
    return BatchEncoding(batch_outputs, tensor_type=return_tensors)
  File "/home/kit/stud/usxcp/.local/lib/python3.9/site-packages/transformers/tokenization_utils_base.py", line 240, in __init__
    self.convert_to_tensors(tensor_type=tensor_type, prepend_batch_axis=prepend_batch_axis)
  File "/home/kit/stud/usxcp/.local/lib/python3.9/site-packages/transformers/tokenization_utils_base.py", line 792, in convert_to_tensors
    raise ValueError(
ValueError: Unable to create tensor, you should probably activate truncation and/or padding with 'padding=True' 'truncation=True' to have batched tensors with the same length. Perhaps your features (`labels` in this case) have excessive nesting (inputs type `list` where type `int` is expected).
  0%|          | 0/245440 [00:00<?, ?it/s]

============================= JOB FEEDBACK =============================

NodeName=uc2n520
Job ID: 25200558
Cluster: uc2
User/Group: usxcp/stud
State: COMPLETED (exit code 0)
Nodes: 1
Cores per node: 40
CPU Utilized: 00:06:59
CPU Efficiency: 5.40% of 02:09:20 core-walltime
Job Wall-clock time: 00:03:14
Memory Utilized: 4.92 GB
Memory Efficiency: 15.39% of 32.00 GB
